C:\USERS\WANG ZILI\DESKTOP\CZ4004-ASSIGNMENT-OPENGL\CZ4004_ASSIGNMENT\CZ4004_ASSIGNMENT\DEBUG\CBOUNDINGBOX.OBJ
C:\USERS\WANG ZILI\DESKTOP\CZ4004-ASSIGNMENT-OPENGL\CZ4004_ASSIGNMENT\CZ4004_ASSIGNMENT\DEBUG\CCAMERA.OBJ
C:\USERS\WANG ZILI\DESKTOP\CZ4004-ASSIGNMENT-OPENGL\CZ4004_ASSIGNMENT\CZ4004_ASSIGNMENT\DEBUG\CCOORDINATES.OBJ
C:\USERS\WANG ZILI\DESKTOP\CZ4004-ASSIGNMENT-OPENGL\CZ4004_ASSIGNMENT\CZ4004_ASSIGNMENT\DEBUG\CGROUND.OBJ
C:\Users\Wang ZiLi\Desktop\cz4004-assignment-opengl\cz4004_assignment\cz4004_assignment\Debug\cl.command.1.tlog
C:\Users\Wang ZiLi\Desktop\cz4004-assignment-opengl\cz4004_assignment\cz4004_assignment\Debug\CL.read.1.tlog
C:\Users\Wang ZiLi\Desktop\cz4004-assignment-opengl\cz4004_assignment\cz4004_assignment\Debug\CL.write.1.tlog
C:\USERS\WANG ZILI\DESKTOP\CZ4004-ASSIGNMENT-OPENGL\CZ4004_ASSIGNMENT\CZ4004_ASSIGNMENT\DEBUG\CLIGHT.OBJ
C:\USERS\WANG ZILI\DESKTOP\CZ4004-ASSIGNMENT-OPENGL\CZ4004_ASSIGNMENT\CZ4004_ASSIGNMENT\DEBUG\CMFILELOADER.OBJ
C:\USERS\WANG ZILI\DESKTOP\CZ4004-ASSIGNMENT-OPENGL\CZ4004_ASSIGNMENT\CZ4004_ASSIGNMENT\DEBUG\CMODEL.OBJ
C:\USERS\WANG ZILI\DESKTOP\CZ4004-ASSIGNMENT-OPENGL\CZ4004_ASSIGNMENT\CZ4004_ASSIGNMENT\DEBUG\CUTILITIES.OBJ
C:\USERS\WANG ZILI\DESKTOP\CZ4004-ASSIGNMENT-OPENGL\CZ4004_ASSIGNMENT\CZ4004_ASSIGNMENT\DEBUG\CVECTOR3.OBJ
C:\USERS\WANG ZILI\DESKTOP\CZ4004-ASSIGNMENT-OPENGL\CZ4004_ASSIGNMENT\CZ4004_ASSIGNMENT\DEBUG\CZ4004_ASSIGNMENT.EXE.EMBED.MANIFEST
C:\USERS\WANG ZILI\DESKTOP\CZ4004-ASSIGNMENT-OPENGL\CZ4004_ASSIGNMENT\CZ4004_ASSIGNMENT\DEBUG\CZ4004_ASSIGNMENT.EXE.EMBED.MANIFEST.RES
C:\USERS\WANG ZILI\DESKTOP\CZ4004-ASSIGNMENT-OPENGL\CZ4004_ASSIGNMENT\CZ4004_ASSIGNMENT\DEBUG\CZ4004_ASSIGNMENT.EXE.INTERMEDIATE.MANIFEST
C:\Users\Wang ZiLi\Desktop\cz4004-assignment-opengl\cz4004_assignment\cz4004_assignment\Debug\cz4004_assignment.vcxprojResolveAssemblyReference.cache
C:\Users\Wang ZiLi\Desktop\cz4004-assignment-opengl\cz4004_assignment\cz4004_assignment\Debug\cz4004_assignment.write.1.tlog
C:\Users\Wang ZiLi\Desktop\cz4004-assignment-opengl\cz4004_assignment\cz4004_assignment\Debug\cz4004_assignment_manifest.rc
C:\Users\Wang ZiLi\Desktop\cz4004-assignment-opengl\cz4004_assignment\cz4004_assignment\Debug\link.2088.read.1.tlog
C:\Users\Wang ZiLi\Desktop\cz4004-assignment-opengl\cz4004_assignment\cz4004_assignment\Debug\link.2088.write.1.tlog
C:\Users\Wang ZiLi\Desktop\cz4004-assignment-opengl\cz4004_assignment\cz4004_assignment\Debug\link.2088-cvtres.read.1.tlog
C:\Users\Wang ZiLi\Desktop\cz4004-assignment-opengl\cz4004_assignment\cz4004_assignment\Debug\link.2088-cvtres.write.1.tlog
C:\Users\Wang ZiLi\Desktop\cz4004-assignment-opengl\cz4004_assignment\cz4004_assignment\Debug\link.2252.read.1.tlog
C:\Users\Wang ZiLi\Desktop\cz4004-assignment-opengl\cz4004_assignment\cz4004_assignment\Debug\link.2252.write.1.tlog
C:\Users\Wang ZiLi\Desktop\cz4004-assignment-opengl\cz4004_assignment\cz4004_assignment\Debug\link.2252-cvtres.read.1.tlog
C:\Users\Wang ZiLi\Desktop\cz4004-assignment-opengl\cz4004_assignment\cz4004_assignment\Debug\link.2252-cvtres.write.1.tlog
C:\Users\Wang ZiLi\Desktop\cz4004-assignment-opengl\cz4004_assignment\cz4004_assignment\Debug\link.2440.read.1.tlog
C:\Users\Wang ZiLi\Desktop\cz4004-assignment-opengl\cz4004_assignment\cz4004_assignment\Debug\link.2440.write.1.tlog
C:\Users\Wang ZiLi\Desktop\cz4004-assignment-opengl\cz4004_assignment\cz4004_assignment\Debug\link.2440-cvtres.read.1.tlog
C:\Users\Wang ZiLi\Desktop\cz4004-assignment-opengl\cz4004_assignment\cz4004_assignment\Debug\link.2440-cvtres.write.1.tlog
C:\Users\Wang ZiLi\Desktop\cz4004-assignment-opengl\cz4004_assignment\cz4004_assignment\Debug\link.4596.read.1.tlog
C:\Users\Wang ZiLi\Desktop\cz4004-assignment-opengl\cz4004_assignment\cz4004_assignment\Debug\link.4596.write.1.tlog
C:\Users\Wang ZiLi\Desktop\cz4004-assignment-opengl\cz4004_assignment\cz4004_assignment\Debug\link.4596-cvtres.read.1.tlog
C:\Users\Wang ZiLi\Desktop\cz4004-assignment-opengl\cz4004_assignment\cz4004_assignment\Debug\link.4596-cvtres.write.1.tlog
C:\Users\Wang ZiLi\Desktop\cz4004-assignment-opengl\cz4004_assignment\cz4004_assignment\Debug\link.4720.read.1.tlog
C:\Users\Wang ZiLi\Desktop\cz4004-assignment-opengl\cz4004_assignment\cz4004_assignment\Debug\link.4720.write.1.tlog
C:\Users\Wang ZiLi\Desktop\cz4004-assignment-opengl\cz4004_assignment\cz4004_assignment\Debug\link.4720-cvtres.read.1.tlog
C:\Users\Wang ZiLi\Desktop\cz4004-assignment-opengl\cz4004_assignment\cz4004_assignment\Debug\link.4720-cvtres.write.1.tlog
C:\Users\Wang ZiLi\Desktop\cz4004-assignment-opengl\cz4004_assignment\cz4004_assignment\Debug\link.5172.read.1.tlog
C:\Users\Wang ZiLi\Desktop\cz4004-assignment-opengl\cz4004_assignment\cz4004_assignment\Debug\link.5172.write.1.tlog
C:\Users\Wang ZiLi\Desktop\cz4004-assignment-opengl\cz4004_assignment\cz4004_assignment\Debug\link.5172-cvtres.read.1.tlog
C:\Users\Wang ZiLi\Desktop\cz4004-assignment-opengl\cz4004_assignment\cz4004_assignment\Debug\link.5172-cvtres.write.1.tlog
C:\Users\Wang ZiLi\Desktop\cz4004-assignment-opengl\cz4004_assignment\cz4004_assignment\Debug\link.6552.read.1.tlog
C:\Users\Wang ZiLi\Desktop\cz4004-assignment-opengl\cz4004_assignment\cz4004_assignment\Debug\link.6552.write.1.tlog
C:\Users\Wang ZiLi\Desktop\cz4004-assignment-opengl\cz4004_assignment\cz4004_assignment\Debug\link.6552-cvtres.read.1.tlog
C:\Users\Wang ZiLi\Desktop\cz4004-assignment-opengl\cz4004_assignment\cz4004_assignment\Debug\link.6552-cvtres.write.1.tlog
C:\Users\Wang ZiLi\Desktop\cz4004-assignment-opengl\cz4004_assignment\cz4004_assignment\Debug\link.6812.read.1.tlog
C:\Users\Wang ZiLi\Desktop\cz4004-assignment-opengl\cz4004_assignment\cz4004_assignment\Debug\link.6812.write.1.tlog
C:\Users\Wang ZiLi\Desktop\cz4004-assignment-opengl\cz4004_assignment\cz4004_assignment\Debug\link.6812-cvtres.read.1.tlog
C:\Users\Wang ZiLi\Desktop\cz4004-assignment-opengl\cz4004_assignment\cz4004_assignment\Debug\link.6812-cvtres.write.1.tlog
C:\Users\Wang ZiLi\Desktop\cz4004-assignment-opengl\cz4004_assignment\cz4004_assignment\Debug\link.7012.read.1.tlog
C:\Users\Wang ZiLi\Desktop\cz4004-assignment-opengl\cz4004_assignment\cz4004_assignment\Debug\link.7012.write.1.tlog
C:\Users\Wang ZiLi\Desktop\cz4004-assignment-opengl\cz4004_assignment\cz4004_assignment\Debug\link.7012-cvtres.read.1.tlog
C:\Users\Wang ZiLi\Desktop\cz4004-assignment-opengl\cz4004_assignment\cz4004_assignment\Debug\link.7012-cvtres.write.1.tlog
C:\Users\Wang ZiLi\Desktop\cz4004-assignment-opengl\cz4004_assignment\cz4004_assignment\Debug\link.7132.read.1.tlog
C:\Users\Wang ZiLi\Desktop\cz4004-assignment-opengl\cz4004_assignment\cz4004_assignment\Debug\link.7132.write.1.tlog
C:\Users\Wang ZiLi\Desktop\cz4004-assignment-opengl\cz4004_assignment\cz4004_assignment\Debug\link.7132-cvtres.read.1.tlog
C:\Users\Wang ZiLi\Desktop\cz4004-assignment-opengl\cz4004_assignment\cz4004_assignment\Debug\link.7132-cvtres.write.1.tlog
C:\Users\Wang ZiLi\Desktop\cz4004-assignment-opengl\cz4004_assignment\cz4004_assignment\Debug\link.7136.read.1.tlog
C:\Users\Wang ZiLi\Desktop\cz4004-assignment-opengl\cz4004_assignment\cz4004_assignment\Debug\link.7136.write.1.tlog
C:\Users\Wang ZiLi\Desktop\cz4004-assignment-opengl\cz4004_assignment\cz4004_assignment\Debug\link.7136-cvtres.read.1.tlog
C:\Users\Wang ZiLi\Desktop\cz4004-assignment-opengl\cz4004_assignment\cz4004_assignment\Debug\link.7136-cvtres.write.1.tlog
C:\Users\Wang ZiLi\Desktop\cz4004-assignment-opengl\cz4004_assignment\cz4004_assignment\Debug\link.7960.read.1.tlog
C:\Users\Wang ZiLi\Desktop\cz4004-assignment-opengl\cz4004_assignment\cz4004_assignment\Debug\link.7960.write.1.tlog
C:\Users\Wang ZiLi\Desktop\cz4004-assignment-opengl\cz4004_assignment\cz4004_assignment\Debug\link.7960-cvtres.read.1.tlog
C:\Users\Wang ZiLi\Desktop\cz4004-assignment-opengl\cz4004_assignment\cz4004_assignment\Debug\link.7960-cvtres.write.1.tlog
C:\Users\Wang ZiLi\Desktop\cz4004-assignment-opengl\cz4004_assignment\cz4004_assignment\Debug\link.8084.read.1.tlog
C:\Users\Wang ZiLi\Desktop\cz4004-assignment-opengl\cz4004_assignment\cz4004_assignment\Debug\link.8084.write.1.tlog
C:\Users\Wang ZiLi\Desktop\cz4004-assignment-opengl\cz4004_assignment\cz4004_assignment\Debug\link.8084-cvtres.read.1.tlog
C:\Users\Wang ZiLi\Desktop\cz4004-assignment-opengl\cz4004_assignment\cz4004_assignment\Debug\link.8084-cvtres.write.1.tlog
C:\Users\Wang ZiLi\Desktop\cz4004-assignment-opengl\cz4004_assignment\cz4004_assignment\Debug\link.command.1.tlog
C:\Users\Wang ZiLi\Desktop\cz4004-assignment-opengl\cz4004_assignment\cz4004_assignment\Debug\link.read.1.tlog
C:\Users\Wang ZiLi\Desktop\cz4004-assignment-opengl\cz4004_assignment\cz4004_assignment\Debug\link.write.1.tlog
C:\Users\Wang ZiLi\Desktop\cz4004-assignment-opengl\cz4004_assignment\cz4004_assignment\Debug\link-cvtres.read.1.tlog
C:\Users\Wang ZiLi\Desktop\cz4004-assignment-opengl\cz4004_assignment\cz4004_assignment\Debug\link-cvtres.write.1.tlog
C:\USERS\WANG ZILI\DESKTOP\CZ4004-ASSIGNMENT-OPENGL\CZ4004_ASSIGNMENT\CZ4004_ASSIGNMENT\DEBUG\MAIN.OBJ
C:\Users\Wang ZiLi\Desktop\cz4004-assignment-opengl\cz4004_assignment\cz4004_assignment\Debug\mt.command.1.tlog
C:\Users\Wang ZiLi\Desktop\cz4004-assignment-opengl\cz4004_assignment\cz4004_assignment\Debug\mt.read.1.tlog
C:\Users\Wang ZiLi\Desktop\cz4004-assignment-opengl\cz4004_assignment\cz4004_assignment\Debug\mt.write.1.tlog
C:\Users\Wang ZiLi\Desktop\cz4004-assignment-opengl\cz4004_assignment\cz4004_assignment\Debug\rc.command.1.tlog
C:\Users\Wang ZiLi\Desktop\cz4004-assignment-opengl\cz4004_assignment\cz4004_assignment\Debug\rc.read.1.tlog
C:\Users\Wang ZiLi\Desktop\cz4004-assignment-opengl\cz4004_assignment\cz4004_assignment\Debug\rc.write.1.tlog
C:\Users\Wang ZiLi\Desktop\cz4004-assignment-opengl\cz4004_assignment\cz4004_assignment\Debug\vc100.idb
C:\USERS\WANG ZILI\DESKTOP\CZ4004-ASSIGNMENT-OPENGL\CZ4004_ASSIGNMENT\CZ4004_ASSIGNMENT\DEBUG\VC100.PDB
C:\USERS\WANG ZILI\DESKTOP\CZ4004-ASSIGNMENT-OPENGL\CZ4004_ASSIGNMENT\DEBUG\CZ4004_ASSIGNMENT.EXE
C:\USERS\WANG ZILI\DESKTOP\CZ4004-ASSIGNMENT-OPENGL\CZ4004_ASSIGNMENT\DEBUG\CZ4004_ASSIGNMENT.ILK
C:\USERS\WANG ZILI\DESKTOP\CZ4004-ASSIGNMENT-OPENGL\CZ4004_ASSIGNMENT\DEBUG\CZ4004_ASSIGNMENT.PDB
