Build started 9/11/2016 10:51:17 AM.
     1>Project "C:\Users\Wang ZiLi\Desktop\CZ4004\cz4004_assignment\cz4004_assignment\cz4004_assignment.vcxproj" on node 2 (build target(s)).
     1>InitializeBuildStatus:
         Creating "Debug\cz4004_assignment.unsuccessfulbuild" because "AlwaysCreate" was specified.
       ClCompile:
         C:\Program Files (x86)\Microsoft Visual Studio 10.0\VC\bin\CL.exe /c /I"C:\Users\Wang ZiLi\Desktop\CZ4004\cz4004_assignment\glut" /I"C:\Users\Wang ZiLi\Desktop\CZ4004\cz4004_assignment\\" /ZI /nologo /W3 /WX- /Od /Oy- /D WIN32 /D _DEBUG /D _CONSOLE /D _UNICODE /D UNICODE /Gm /EHsc /RTC1 /MDd /GS /fp:precise /Zc:wchar_t /Zc:forScope /Fo"Debug\\" /Fd"Debug\vc100.pdb" /Gd /TP /analyze- /errorReport:prompt CMFileLoader.cpp
         CMFileLoader.cpp
     1>c:\users\wang zili\desktop\cz4004\cz4004_assignment\cz4004_assignment\cmfileloader.cpp(28): warning C4101: 'vertex_z' : unreferenced local variable
     1>c:\users\wang zili\desktop\cz4004\cz4004_assignment\cz4004_assignment\cmfileloader.cpp(26): warning C4101: 'vertex_x' : unreferenced local variable
     1>c:\users\wang zili\desktop\cz4004\cz4004_assignment\cz4004_assignment\cmfileloader.cpp(27): warning C4101: 'vertex_y' : unreferenced local variable
     1>c:\users\wang zili\desktop\cz4004\cz4004_assignment\cz4004_assignment\cmfileloader.cpp(25): warning C4101: 'vertex_index' : unreferenced local variable
       ManifestResourceCompile:
         All outputs are up-to-date.
       Link:
         C:\Program Files (x86)\Microsoft Visual Studio 10.0\VC\bin\link.exe /ERRORREPORT:PROMPT /OUT:"C:\Users\Wang ZiLi\Desktop\CZ4004\cz4004_assignment\Debug\cz4004_assignment.exe" /INCREMENTAL /NOLOGO /LIBPATH:"C:\Users\Wang ZiLi\Desktop\CZ4004\cz4004_assignment\glut" glut32.lib kernel32.lib user32.lib gdi32.lib winspool.lib comdlg32.lib advapi32.lib shell32.lib ole32.lib oleaut32.lib uuid.lib odbc32.lib odbccp32.lib /MANIFEST /ManifestFile:"Debug\cz4004_assignment.exe.intermediate.manifest" /MANIFESTUAC:"level='asInvoker' uiAccess='false'" /DEBUG /PDB:"C:\Users\Wang ZiLi\Desktop\CZ4004\cz4004_assignment\Debug\cz4004_assignment.pdb" /SUBSYSTEM:CONSOLE /TLBID:1 /DYNAMICBASE /NXCOMPAT /IMPLIB:"C:\Users\Wang ZiLi\Desktop\CZ4004\cz4004_assignment\Debug\cz4004_assignment.lib" /MACHINE:X86 Debug\cz4004_assignment.exe.embed.manifest.res
         Debug\CBoundingBox.obj
         Debug\CGround.obj
         Debug\CMFileLoader.obj
         Debug\CModel.obj
         Debug\CUtilities.obj
         Debug\main.obj
       Manifest:
         C:\Program Files (x86)\Microsoft SDKs\Windows\v7.0A\bin\mt.exe /nologo /verbose /out:"Debug\cz4004_assignment.exe.embed.manifest" /manifest Debug\cz4004_assignment.exe.intermediate.manifest
         All outputs are up-to-date.
       LinkEmbedManifest:
         All outputs are up-to-date.
         cz4004_assignment.vcxproj -> C:\Users\Wang ZiLi\Desktop\CZ4004\cz4004_assignment\Debug\cz4004_assignment.exe
       FinalizeBuildStatus:
         Deleting file "Debug\cz4004_assignment.unsuccessfulbuild".
         Touching "Debug\cz4004_assignment.lastbuildstate".
     1>Done Building Project "C:\Users\Wang ZiLi\Desktop\CZ4004\cz4004_assignment\cz4004_assignment\cz4004_assignment.vcxproj" (build target(s)).

Build succeeded.

Time Elapsed 00:00:00.78
