Build started 9/11/2016 10:50:08 AM.
     1>Project "C:\Users\Wang ZiLi\Desktop\CZ4004\cz4004_assignment\cz4004_assignment\cz4004_assignment.vcxproj" on node 2 (build target(s)).
     1>PrepareForBuild:
         Creating directory "C:\Users\Wang ZiLi\Desktop\CZ4004\cz4004_assignment\Release\".
       InitializeBuildStatus:
         Creating "Release\cz4004_assignment.unsuccessfulbuild" because "AlwaysCreate" was specified.
       ClCompile:
         C:\Program Files (x86)\Microsoft Visual Studio 10.0\VC\bin\CL.exe /c /Zi /nologo /W3 /WX- /O2 /Oi /Oy- /GL /D WIN32 /D NDEBUG /D _CONSOLE /D _UNICODE /D UNICODE /Gm- /EHsc /MD /GS /Gy /fp:precise /Zc:wchar_t /Zc:forScope /Fo"Release\\" /Fd"Release\vc100.pdb" /Gd /TP /analyze- /errorReport:prompt CBoundingBox.cpp CGround.cpp CMFileLoader.cpp CModel.cpp CUtilities.cpp main.cpp
         CBoundingBox.cpp
         CGround.cpp
         CMFileLoader.cpp
     1>CMFileLoader.cpp(28): warning C4101: 'vertex_z' : unreferenced local variable
     1>CMFileLoader.cpp(26): warning C4101: 'vertex_x' : unreferenced local variable
     1>CMFileLoader.cpp(27): warning C4101: 'vertex_y' : unreferenced local variable
     1>CMFileLoader.cpp(25): warning C4101: 'vertex_index' : unreferenced local variable
         CModel.cpp
         CUtilities.cpp
         main.cpp
     1>main.cpp(14): fatal error C1083: Cannot open include file: 'glut.h': No such file or directory
     1>Done Building Project "C:\Users\Wang ZiLi\Desktop\CZ4004\cz4004_assignment\cz4004_assignment\cz4004_assignment.vcxproj" (build target(s)) -- FAILED.

Build FAILED.

Time Elapsed 00:00:00.82
