C:\USERS\WANG ZILI\DESKTOP\CZ4004\CZ4004_ASSIGNMENT\CZ4004_ASSIGNMENT\RELEASE\CBOUNDINGBOX.OBJ
C:\USERS\WANG ZILI\DESKTOP\CZ4004\CZ4004_ASSIGNMENT\CZ4004_ASSIGNMENT\RELEASE\CGROUND.OBJ
C:\USERS\WANG ZILI\DESKTOP\CZ4004\CZ4004_ASSIGNMENT\CZ4004_ASSIGNMENT\RELEASE\CMFILELOADER.OBJ
C:\USERS\WANG ZILI\DESKTOP\CZ4004\CZ4004_ASSIGNMENT\CZ4004_ASSIGNMENT\RELEASE\CMODEL.OBJ
C:\USERS\WANG ZILI\DESKTOP\CZ4004\CZ4004_ASSIGNMENT\CZ4004_ASSIGNMENT\RELEASE\CUTILITIES.OBJ
C:\USERS\WANG ZILI\DESKTOP\CZ4004-ASSIGNMENT-OPENGL\CZ4004_ASSIGNMENT\CZ4004_ASSIGNMENT\RELEASE\CBOUNDINGBOX.OBJ
C:\USERS\WANG ZILI\DESKTOP\CZ4004-ASSIGNMENT-OPENGL\CZ4004_ASSIGNMENT\CZ4004_ASSIGNMENT\RELEASE\CGROUND.OBJ
C:\Users\Wang ZiLi\Desktop\cz4004-assignment-opengl\cz4004_assignment\cz4004_assignment\Release\cl.command.1.tlog
C:\Users\Wang ZiLi\Desktop\cz4004-assignment-opengl\cz4004_assignment\cz4004_assignment\Release\CL.read.1.tlog
C:\Users\Wang ZiLi\Desktop\cz4004-assignment-opengl\cz4004_assignment\cz4004_assignment\Release\CL.write.1.tlog
C:\USERS\WANG ZILI\DESKTOP\CZ4004-ASSIGNMENT-OPENGL\CZ4004_ASSIGNMENT\CZ4004_ASSIGNMENT\RELEASE\CMFILELOADER.OBJ
C:\USERS\WANG ZILI\DESKTOP\CZ4004-ASSIGNMENT-OPENGL\CZ4004_ASSIGNMENT\CZ4004_ASSIGNMENT\RELEASE\CMODEL.OBJ
C:\USERS\WANG ZILI\DESKTOP\CZ4004-ASSIGNMENT-OPENGL\CZ4004_ASSIGNMENT\CZ4004_ASSIGNMENT\RELEASE\CUTILITIES.OBJ
C:\USERS\WANG ZILI\DESKTOP\CZ4004-ASSIGNMENT-OPENGL\CZ4004_ASSIGNMENT\CZ4004_ASSIGNMENT\RELEASE\CVECTOR3.OBJ
C:\USERS\WANG ZILI\DESKTOP\CZ4004-ASSIGNMENT-OPENGL\CZ4004_ASSIGNMENT\CZ4004_ASSIGNMENT\RELEASE\CZ4004_ASSIGNMENT.EXE.INTERMEDIATE.MANIFEST
C:\Users\Wang ZiLi\Desktop\cz4004-assignment-opengl\cz4004_assignment\cz4004_assignment\Release\cz4004_assignment.vcxprojResolveAssemblyReference.cache
C:\Users\Wang ZiLi\Desktop\cz4004-assignment-opengl\cz4004_assignment\cz4004_assignment\Release\cz4004_assignment.write.1.tlog
C:\Users\Wang ZiLi\Desktop\cz4004-assignment-opengl\cz4004_assignment\cz4004_assignment\Release\link.command.1.tlog
C:\Users\Wang ZiLi\Desktop\cz4004-assignment-opengl\cz4004_assignment\cz4004_assignment\Release\link.read.1.tlog
C:\Users\Wang ZiLi\Desktop\cz4004-assignment-opengl\cz4004_assignment\cz4004_assignment\Release\link.write.1.tlog
C:\USERS\WANG ZILI\DESKTOP\CZ4004-ASSIGNMENT-OPENGL\CZ4004_ASSIGNMENT\CZ4004_ASSIGNMENT\RELEASE\MAIN.OBJ
C:\Users\Wang ZiLi\Desktop\cz4004-assignment-opengl\cz4004_assignment\cz4004_assignment\Release\mt.command.1.tlog
C:\Users\Wang ZiLi\Desktop\cz4004-assignment-opengl\cz4004_assignment\cz4004_assignment\Release\mt.read.1.tlog
C:\Users\Wang ZiLi\Desktop\cz4004-assignment-opengl\cz4004_assignment\cz4004_assignment\Release\mt.write.1.tlog
C:\USERS\WANG ZILI\DESKTOP\CZ4004-ASSIGNMENT-OPENGL\CZ4004_ASSIGNMENT\CZ4004_ASSIGNMENT\RELEASE\VC100.PDB
C:\USERS\WANG ZILI\DESKTOP\CZ4004-ASSIGNMENT-OPENGL\CZ4004_ASSIGNMENT\RELEASE\CZ4004_ASSIGNMENT.EXE
C:\USERS\WANG ZILI\DESKTOP\CZ4004-ASSIGNMENT-OPENGL\CZ4004_ASSIGNMENT\RELEASE\CZ4004_ASSIGNMENT.PDB
